2023-05-26 14:32:23,136 INFO Websocket connected
2023-05-26 14:32:25,190 ERROR error from callback <function on_close at 0x10d5dd800>: on_close() takes 1 positional argument but 3 were given
2023-05-26 14:32:43,050 INFO Websocket connected
2023-05-26 14:32:44,633 ERROR error from callback <function on_close at 0x104ed5800>: on_close() takes 1 positional argument but 3 were given
2023-05-26 14:34:20,546 INFO Websocket connected
2023-05-26 14:34:30,650 ERROR error from callback <function on_close at 0x105105440>: on_close() takes 1 positional argument but 3 were given
2023-05-26 14:34:40,640 DEBUG --- request header ---
2023-05-26 14:34:40,641 DEBUG GET /v5/public/linear HTTP/1.1
Upgrade: websocket
Host: stream-testnet.bybit.com
Origin: https://stream-testnet.bybit.com
Sec-WebSocket-Key: 9tNor+re1lBQXRg3cCWP4g==
Sec-WebSocket-Version: 13
Connection: Upgrade


2023-05-26 14:34:40,641 DEBUG -----------------------
2023-05-26 14:34:40,641 DEBUG --- response header ---
2023-05-26 14:34:40,655 DEBUG HTTP/1.1 101 Switching Protocols
2023-05-26 14:34:40,655 DEBUG Connection: upgrade
2023-05-26 14:34:40,655 DEBUG Date: Fri, 26 May 2023 06:34:40 GMT
2023-05-26 14:34:40,655 DEBUG Upgrade: websocket
2023-05-26 14:34:40,655 DEBUG Sec-WebSocket-Accept: e+hzTF1ziEmNGyVKq881IX+P5vE=
2023-05-26 14:34:40,655 DEBUG X-Cache: Miss from cloudfront
2023-05-26 14:34:40,655 DEBUG Via: 1.1 35a6ccd005bb4de1deff66dab22059c4.cloudfront.net (CloudFront)
2023-05-26 14:34:40,656 DEBUG X-Amz-Cf-Pop: SIN2-P2
2023-05-26 14:34:40,656 DEBUG X-Amz-Cf-Id: xZwhv0k4iGXs4PSbXKMb5qWgIePYRLTNWtks6VBkLgpNqJLnPsTF_A==
2023-05-26 14:34:40,656 DEBUG -----------------------
2023-05-26 14:34:40,656 INFO Websocket connected
2023-05-26 14:34:40,656 DEBUG ++Sent raw: b'\x81\xb5\xf3\xe3\xeb/\x88\xc1\x84_\xd1\xd9\xcb\r\x80\x96\x89\\\x90\x91\x82M\x96\xc1\xc7\x0f\xd1\x82\x99H\x80\xc1\xd1\x0f\xa8\xc1\x84]\x97\x86\x99M\x9c\x8c\x80\x01\xc6\xd3\xc5m\xa7\xa0\xbe|\xb7\xb7\xc9r\x8e'
2023-05-26 14:34:40,656 DEBUG ++Sent decoded: fin=1 opcode=1 data=b'{"op": "subscribe", "args": ["orderbook.50.BTCUSDT"]}'
2023-05-26 14:34:40,666 DEBUG ++Rcv raw: b'\x81~\x08\xcb{"topic":"orderbook.50.BTCUSDT","type":"snapshot","ts":1685082877414,"data":{"s":"BTCUSDT","b":[["26368.50","217.017"],["26368.30","266.270"],["26368.10","201.092"],["26367.90","123.407"],["26367.70","258.686"],["26335.50","0.001"],["26325.90","0.002"],["26325.00","0.575"],["26323.90","0.001"],["26321.50","0.001"],["26320.00","1.416"],["26319.60","0.994"],["26319.50","0.048"],["26319.10","0.005"],["26319.00","0.002"],["26317.60","0.002"],["26317.20","0.004"],["26316.60","0.001"],["26315.40","0.002"],["26315.10","0.004"],["26315.00","0.279"],["26314.20","0.001"],["26313.50","0.007"],["26313.30","0.011"],["26312.50","0.479"],["26311.80","0.001"],["26311.30","0.020"],["26310.60","0.006"],["26310.00","0.396"],["26309.90","0.001"],["26309.70","0.004"],["26309.30","0.005"],["26308.80","0.004"],["26308.10","0.061"],["26308.00","0.001"],["26307.80","0.936"],["26305.90","0.004"],["26305.60","0.001"],["26303.90","0.009"],["26302.60","0.032"],["26301.60","0.006"],["26301.40","0.002"],["26301.20","0.001"],["26300.00","0.383"],["26299.30","0.005"],["26298.90","0.019"],["26297.90","0.001"],["26297.30","0.001"],["26294.90","0.001"],["26294.80","0.015"]],"a":[["26368.70","2.159"],["26368.90","244.623"],["26369.10","284.285"],["26369.30","165.657"],["26369.50","166.642"],["26392.40","0.001"],["26395.00","0.061"],["26395.80","0.004"],["26396.20","1.000"],["26400.00","0.613"],["26402.00","0.004"],["26403.40","0.001"],["26403.50","0.003"],["26405.40","0.005"],["26408.40","0.001"],["26409.50","0.004"],["26410.50","0.001"],["26412.80","0.013"],["26415.20","0.048"],["26416.70","0.010"],["26419.20","0.001"],["26420.00","0.001"],["26420.40","0.024"],["26421.90","0.001"],["26426.30","0.002"],["26426.60","0.095"],["26428.10","0.013"],["26428.20","0.001"],["26430.00","0.315"],["26431.30","0.001"],["26433.60","0.005"],["26434.80","0.006"],["26435.20","0.018"],["26435.40","0.002"],["26436.80","0.001"],["26437.50","1.055"],["26438.50","0.061"],["26438.60","0.001"],["26440.00","0.034"],["26440.10","0.013"],["26440.70","0.004"],["26441.90","0.001"],["26442.10","0.001"],["26443.10","0.016"],["26443.50","0.001"],["26444.10","0.002"],["26445.00","0.278"],["26445.80","0.010"],["26447.70","0.001"],["26448.10","0.006"]],"u":3545397,"seq":8096804775}}'
2023-05-26 14:34:40,667 DEBUG ++Rcv decoded: fin=1 opcode=1 data=b'{"topic":"orderbook.50.BTCUSDT","type":"snapshot","ts":1685082877414,"data":{"s":"BTCUSDT","b":[["26368.50","217.017"],["26368.30","266.270"],["26368.10","201.092"],["26367.90","123.407"],["26367.70","258.686"],["26335.50","0.001"],["26325.90","0.002"],["26325.00","0.575"],["26323.90","0.001"],["26321.50","0.001"],["26320.00","1.416"],["26319.60","0.994"],["26319.50","0.048"],["26319.10","0.005"],["26319.00","0.002"],["26317.60","0.002"],["26317.20","0.004"],["26316.60","0.001"],["26315.40","0.002"],["26315.10","0.004"],["26315.00","0.279"],["26314.20","0.001"],["26313.50","0.007"],["26313.30","0.011"],["26312.50","0.479"],["26311.80","0.001"],["26311.30","0.020"],["26310.60","0.006"],["26310.00","0.396"],["26309.90","0.001"],["26309.70","0.004"],["26309.30","0.005"],["26308.80","0.004"],["26308.10","0.061"],["26308.00","0.001"],["26307.80","0.936"],["26305.90","0.004"],["26305.60","0.001"],["26303.90","0.009"],["26302.60","0.032"],["26301.60","0.006"],["26301.40","0.002"],["26301.20","0.001"],["26300.00","0.383"],["26299.30","0.005"],["26298.90","0.019"],["26297.90","0.001"],["26297.30","0.001"],["26294.90","0.001"],["26294.80","0.015"]],"a":[["26368.70","2.159"],["26368.90","244.623"],["26369.10","284.285"],["26369.30","165.657"],["26369.50","166.642"],["26392.40","0.001"],["26395.00","0.061"],["26395.80","0.004"],["26396.20","1.000"],["26400.00","0.613"],["26402.00","0.004"],["26403.40","0.001"],["26403.50","0.003"],["26405.40","0.005"],["26408.40","0.001"],["26409.50","0.004"],["26410.50","0.001"],["26412.80","0.013"],["26415.20","0.048"],["26416.70","0.010"],["26419.20","0.001"],["26420.00","0.001"],["26420.40","0.024"],["26421.90","0.001"],["26426.30","0.002"],["26426.60","0.095"],["26428.10","0.013"],["26428.20","0.001"],["26430.00","0.315"],["26431.30","0.001"],["26433.60","0.005"],["26434.80","0.006"],["26435.20","0.018"],["26435.40","0.002"],["26436.80","0.001"],["26437.50","1.055"],["26438.50","0.061"],["26438.60","0.001"],["26440.00","0.034"],["26440.10","0.013"],["26440.70","0.004"],["26441.90","0.001"],["26442.10","0.001"],["26443.10","0.016"],["26443.50","0.001"],["26444.10","0.002"],["26445.00","0.278"],["26445.80","0.010"],["26447.70","0.001"],["26448.10","0.006"]],"u":3545397,"seq":8096804775}}'
2023-05-26 14:34:40,668 DEBUG ++Rcv raw: b'\x81k{"success":true,"ret_msg":"","conn_id":"8fe87e15-cb81-4a4a-a3dd-e53ec1bd5f14","req_id":"","op":"subscribe"}'
2023-05-26 14:34:40,668 DEBUG ++Rcv decoded: fin=1 opcode=1 data=b'{"success":true,"ret_msg":"","conn_id":"8fe87e15-cb81-4a4a-a3dd-e53ec1bd5f14","req_id":"","op":"subscribe"}'
2023-05-26 14:34:43,382 DEBUG ++Rcv raw: b'\x81~\x00\x9a{"topic":"orderbook.50.BTCUSDT","type":"delta","ts":1685082883413,"data":{"s":"BTCUSDT","b":[["26368.50","205.017"]],"a":[],"u":3545398,"seq":8096804776}}'
2023-05-26 14:34:43,382 DEBUG ++Rcv decoded: fin=1 opcode=1 data=b'{"topic":"orderbook.50.BTCUSDT","type":"delta","ts":1685082883413,"data":{"s":"BTCUSDT","b":[["26368.50","205.017"]],"a":[],"u":3545398,"seq":8096804776}}'
2023-05-26 14:34:44,673 DEBUG ++Sent raw: b'\x88\x82~\x87\x05\r}o'
2023-05-26 14:34:44,674 DEBUG ++Sent decoded: fin=1 opcode=8 data=b'\x03\xe8'
2023-05-26 14:34:44,683 ERROR error from callback <function on_close at 0x1006b53a0>: on_close() takes 1 positional argument but 3 were given
