2021-10-28 16:38:04,354 DEBUG --- request header ---
2021-10-28 16:38:04,354 DEBUG GET /realtime HTTP/1.1
Upgrade: websocket
Connection: Upgrade
Host: stream.bybit.com
Origin: http://stream.bybit.com
Sec-WebSocket-Key: iMfB9uHihIjt/49uhCCk/g==
Sec-WebSocket-Version: 13


2021-10-28 16:38:04,355 DEBUG -----------------------
2021-10-28 16:38:04,355 DEBUG --- response header ---
2021-10-28 16:38:04,837 DEBUG HTTP/1.1 101 Switching Protocols
2021-10-28 16:38:04,837 DEBUG Connection: upgrade
2021-10-28 16:38:04,838 DEBUG Date: Thu, 28 Oct 2021 08:38:04 GMT
2021-10-28 16:38:04,838 DEBUG Upgrade: websocket
2021-10-28 16:38:04,838 DEBUG Sec-WebSocket-Accept: xPBX9SPDUm8H9hYixgsuY0qnL2U=
2021-10-28 16:38:04,839 DEBUG X-Cache: Miss from cloudfront
2021-10-28 16:38:04,839 DEBUG Via: 1.1 573b4e1c3f2f4bebe43f934c516f0052.cloudfront.net (CloudFront)
2021-10-28 16:38:04,839 DEBUG X-Amz-Cf-Pop: SIN2-P1
2021-10-28 16:38:04,840 DEBUG X-Amz-Cf-Id: LUV5KuXjPcEqBa8EWyZjjqlxK3zkBFrR4qCNR5ZMQkrwgcOC3sEVOw==
2021-10-28 16:38:04,840 DEBUG -----------------------
2021-10-28 16:38:04,842 DEBUG send: b'\x81\xb6\xf5\x1b\xa9>\x8e9\xc6N\xd7!\x89\x1c\x86n\xcbM\x96i\xc0\\\x909\x85\x1e\xd7z\xdbY\x869\x93\x1e\xae9\xc6L\x91~\xdb|\x9at\xc2r\xc7D\x9b\x0b\xdbY\xfd}\xa0H\xed\x1c\xa8f'
2021-10-28 16:38:06,835 DEBUG send: b'\x88\x82uK\xbcDv\xa3'
